<?xml version="1.0" encoding="UTF-8"?>
<!-- Generated by org.testng.reporters.JUnitXMLReporter -->
<testsuite ignored="0" hostname="Latika" failures="1" tests="1" name="Test" time="0.092" errors="0" timestamp="2024-09-29T00:14:09 IST">
  <testcase classname="seleniumGrid.ParallelTestOnGrid" name="testParallel" time="0.0">
    <failure type="org.testng.TestNGException" message="
Cannot inject @Test annotated Method [testParallel] with [class java.lang.String].
For more information on native dependency injection please refer to https://testng.org/#_dependency_injection">
      <![CDATA[org.testng.TestNGException: 
Cannot inject @Test annotated Method [testParallel] with [class java.lang.String].
For more information on native dependency injection please refer to https://testng.org/#_dependency_injection
at java.base/java.util.ArrayList.forEach(ArrayList.java:1596)
at java.base/java.util.concurrent.FutureTask.run(FutureTask.java:317)
at java.base/java.util.concurrent.ThreadPoolExecutor.runWorker(ThreadPoolExecutor.java:1144)
at java.base/java.util.concurrent.ThreadPoolExecutor$Worker.run(ThreadPoolExecutor.java:642)
at java.base/java.lang.Thread.run(Thread.java:1583)
... Removed 16 stack frames]]>
    </failure>
  </testcase> <!-- testParallel -->
</testsuite> <!-- Test -->
