<?xml version="1.0" encoding="UTF-8"?>
<testng-results ignored="0" total="3" passed="3" failed="0" skipped="0">
  <reporter-output>
  </reporter-output>
  <suite started-at="2024-10-04T23:21:07 IST" name="Suite" finished-at="2024-10-04T23:22:05 IST" duration-ms="57376">
    <groups>
    </groups>
    <test started-at="2024-10-04T23:21:07 IST" name="Test1" finished-at="2024-10-04T23:21:55 IST" duration-ms="48090">
      <class name="seleniumGrid.ParallelTestOnGrid">
        <test-method signature="testParallel(java.lang.String)[pri:0, instance:seleniumGrid.ParallelTestOnGrid@42a48628]" started-at="2024-10-04T23:21:07 IST" name="testParallel" finished-at="2024-10-04T23:21:55 IST" duration-ms="47901" status="PASS">
          <params>
            <param index="0">
              <value>
                <![CDATA[chrome]]>
              </value>
            </param>
          </params>
          <reporter-output>
          </reporter-output>
        </test-method> <!-- testParallel -->
      </class> <!-- seleniumGrid.ParallelTestOnGrid -->
    </test> <!-- Test1 -->
    <test started-at="2024-10-04T23:21:07 IST" name="Test3" finished-at="2024-10-04T23:22:02 IST" duration-ms="54604">
      <class name="seleniumGrid.ParallelTestOnGrid">
        <test-method signature="testParallel(java.lang.String)[pri:0, instance:seleniumGrid.ParallelTestOnGrid@7e6f74c]" started-at="2024-10-04T23:21:07 IST" name="testParallel" finished-at="2024-10-04T23:22:02 IST" duration-ms="54484" status="PASS">
          <params>
            <param index="0">
              <value>
                <![CDATA[edge]]>
              </value>
            </param>
          </params>
          <reporter-output>
          </reporter-output>
        </test-method> <!-- testParallel -->
      </class> <!-- seleniumGrid.ParallelTestOnGrid -->
    </test> <!-- Test3 -->
    <test started-at="2024-10-04T23:21:07 IST" name="Test2" finished-at="2024-10-04T23:22:05 IST" duration-ms="57376">
      <class name="seleniumGrid.ParallelTestOnGrid">
        <test-method signature="testParallel(java.lang.String)[pri:0, instance:seleniumGrid.ParallelTestOnGrid@6150c3ec]" started-at="2024-10-04T23:21:07 IST" name="testParallel" finished-at="2024-10-04T23:22:05 IST" duration-ms="57257" status="PASS">
          <params>
            <param index="0">
              <value>
                <![CDATA[firefox]]>
              </value>
            </param>
          </params>
          <reporter-output>
          </reporter-output>
        </test-method> <!-- testParallel -->
      </class> <!-- seleniumGrid.ParallelTestOnGrid -->
    </test> <!-- Test2 -->
  </suite> <!-- Suite -->
</testng-results>
